2025/02/18 19:35:40 === Go Discovery Plugin Started ===
2025/02/18 19:35:40 Plugin started. Waiting for input...
2025/02/18 19:35:40 Response: null
2025/02/18 19:41:05 === Go Discovery Plugin Started ===
2025/02/18 19:41:05 Plugin started. Waiting for input...
2025/02/18 19:41:05 Response: null
2025/02/18 19:43:05 === Go Discovery Plugin Started ===
2025/02/18 19:43:05 Plugin started. Waiting for input...
2025/02/18 19:43:05 Response: null
2025/02/18 19:43:51 === Go Discovery Plugin Started ===
2025/02/18 19:43:51 Plugin started. Waiting for input...
2025/02/18 19:43:51 Response: null
2025/02/18 19:52:20 === Go Discovery Plugin Started ===
2025/02/18 19:52:20 Plugin started. Waiting for input...
2025/02/18 19:52:20 Response: {
  "type": "discovery",
  "discovery": {
    "ipranges": null,
    "credentials": null,
    "port": 0
  },
  "metrics": {
    "ipranges": null,
    "credentials": null,
    "port": 0
  }
}
2025/02/18 19:52:20 Response: null
2025/02/18 19:58:49 === Go Discovery Plugin Started ===
2025/02/18 19:58:49 Plugin started. Waiting for input...
2025/02/18 19:58:50 Ping failed for 10.20.40.57
2025/02/18 19:58:50 Response: {
  "type": "discovery",
  "discovery": {
    "ipranges": [
      "10.20.40.57"
    ],
    "credentials": [
      {
        "id": "23c4fe8c-bdef-42ef-97bc-ac114902fc04",
        "username": "harsh",
        "password": "Mind@123"
      }
    ],
    "port": 22
  },
  "metrics": {
    "ipranges": [],
    "credentials": [],
    "port": 22
  }
}
2025/02/18 19:58:50 Response: [
  {
    "ipaddress": "10.20.40.57",
    "status": "Ping Failed",
    "auth_pair_id": "N/A",
    "last_checked_time": "2025-02-18T19:58:50+05:30"
  }
]
2025/02/18 20:04:19 === Go Discovery Plugin Started ===
2025/02/18 20:04:19 Plugin started. Waiting for input...
2025/02/18 20:04:20 Ping failed for 10.20.40.57
2025/02/18 20:04:20 Response: [
  {
    "ipaddress": "10.20.40.57",
    "status": "Ping Failed",
    "auth_pair_id": "N/A",
    "last_checked_time": "2025-02-18T20:04:20+05:30"
  }
]
2025/02/18 21:49:39 === Go Discovery Plugin Started ===
2025/02/18 21:49:39 Plugin started. Waiting for input...
2025/02/18 21:49:40 Ping failed for 10.20.40.57
2025/02/18 21:49:40 Response: [
  {
    "ipaddress": "10.20.40.57",
    "status": "Ping Failed",
    "auth_pair_id": "N/A",
    "last_checked_time": "2025-02-18T21:49:40+05:30"
  }
]
2025/02/18 21:51:02 === Go Discovery Plugin Started ===
2025/02/18 21:51:02 Plugin started. Waiting for input...
2025/02/18 21:51:13 Ping failed for 10.20.40.57
2025/02/18 21:51:13 Response: [
  {
    "ipaddress": "10.20.40.57",
    "status": "Ping Failed",
    "auth_pair_id": "N/A",
    "last_checked_time": "2025-02-18T21:51:13+05:30"
  }
]
2025/02/18 21:53:04 === Go Discovery Plugin Started ===
2025/02/18 21:53:04 Plugin started. Waiting for input...
2025/02/18 21:53:09 Ping failed for 10.20.40.57
2025/02/18 21:53:09 Response: [
  {
    "ipaddress": "10.20.40.57",
    "status": "Ping Failed",
    "auth_pair_id": "N/A",
    "last_checked_time": "2025-02-18T21:53:09+05:30"
  }
]
